<?xml version="1.0" encoding="UTF-8" ?>
<testsuite tests="3" failures="1" name="com.asset.vodafone.npc.core.handler.Test.TestNPCProcessHandler" time="16.707" errors="1" skipped="0">
  <properties>
[...]
</properties>
  <testcase classname="com.asset.vodafone.npc.core.handler.Test.TestNPCProcessHandler" name="testSendPendingMessage" time="10.516">
    <error message="[NPC_WEB_SERVICE_ERROR_01]: Error in sending npc message" type="[NPC_WEB_SERVICE_ERROR_01]">[NPC_WEB_SERVICE_ERROR_01]: Error in sending npc message
	at com.asset.vodafone.npc.core.handler.NPCProcessHandler.sendMessage(NPCProcessHandler.java:171)
	at com.asset.vodafone.npc.core.handler.Test.TestNPCProcessHandler.testSendPendingMessage(TestNPCProcessHandler.java:101)
	at sun.reflect.NativeMethodAccessorImpl.invoke0(Native Method)
	at sun.reflect.NativeMethodAccessorImpl.invoke(NativeMethodAccessorImpl.java:62)
	at sun.reflect.DelegatingMethodAccessorImpl.invoke(DelegatingMethodAccessorImpl.java:43)
	at java.lang.reflect.Method.invoke(Method.java:497)
	at org.junit.runners.model.FrameworkMethod$1.runReflectiveCall(FrameworkMethod.java:50)
	at org.junit.internal.runners.model.ReflectiveCallable.run(ReflectiveCallable.java:12)
	at org.junit.runners.model.FrameworkMethod.invokeExplosively(FrameworkMethod.java:47)
	at org.junit.internal.runners.statements.InvokeMethod.evaluate(InvokeMethod.java:17)
	at org.junit.internal.runners.statements.RunBefores.evaluate(RunBefores.java:26)
	at org.junit.runners.ParentRunner.runLeaf(ParentRunner.java:325)
	at org.junit.runners.BlockJUnit4ClassRunner.runChild(BlockJUnit4ClassRunner.java:78)
	at org.junit.runners.BlockJUnit4ClassRunner.runChild(BlockJUnit4ClassRunner.java:57)
	at org.junit.runners.ParentRunner$3.run(ParentRunner.java:290)
	at org.junit.runners.ParentRunner$1.schedule(ParentRunner.java:71)
	at org.junit.runners.ParentRunner.runChildren(ParentRunner.java:288)
	at org.junit.runners.ParentRunner.access$000(ParentRunner.java:58)
	at org.junit.runners.ParentRunner$2.evaluate(ParentRunner.java:268)
	at org.junit.runners.ParentRunner.run(ParentRunner.java:363)
	at org.apache.maven.surefire.junit4.JUnit4Provider.execute(JUnit4Provider.java:252)
	at org.apache.maven.surefire.junit4.JUnit4Provider.executeTestSet(JUnit4Provider.java:141)
	at org.apache.maven.surefire.junit4.JUnit4Provider.invoke(JUnit4Provider.java:112)
	at sun.reflect.NativeMethodAccessorImpl.invoke0(Native Method)
	at sun.reflect.NativeMethodAccessorImpl.invoke(NativeMethodAccessorImpl.java:62)
	at sun.reflect.DelegatingMethodAccessorImpl.invoke(DelegatingMethodAccessorImpl.java:43)
	at java.lang.reflect.Method.invoke(Method.java:497)
	at org.apache.maven.surefire.util.ReflectionUtils.invokeMethodWithArray(ReflectionUtils.java:189)
	at org.apache.maven.surefire.booter.ProviderFactory$ProviderProxy.invoke(ProviderFactory.java:165)
	at org.apache.maven.surefire.booter.ProviderFactory.invokeProvider(ProviderFactory.java:85)
	at org.apache.maven.surefire.booter.ForkedBooter.runSuitesInProcess(ForkedBooter.java:115)
	at org.apache.maven.surefire.booter.ForkedBooter.main(ForkedBooter.java:75)
Caused by: org.springframework.ws.client.WebServiceIOException: Error In Sending npc Message
	at com.asset.vodafone.npc.webservice.client.NPCWebserviceProxy.processNPCMsg(NPCWebserviceProxy.java:84)
	at com.asset.vodafone.npc.core.handler.NPCProcessHandler.sendMessage(NPCProcessHandler.java:166)
	... 31 more
</error>
    <system-out>20:48:50,521 |-INFO in ch.qos.logback.classic.LoggerContext[default] - Could NOT find resource [logback-test.xml]
20:48:50,521 |-INFO in ch.qos.logback.classic.LoggerContext[default] - Could NOT find resource [logback.groovy]
20:48:50,521 |-INFO in ch.qos.logback.classic.LoggerContext[default] - Found resource [logback.xml] at [file:/C:/Users/mohammed.hamdy/Downloads/Vodafone%20MNP%20Deliverables/Src%20Code/npc-vodafone/vodafone-mnp-runner/target/classes/logback.xml]
20:48:50,522 |-WARN in ch.qos.logback.classic.LoggerContext[default] - Resource [logback.xml] occurs multiple times on the classpath.
20:48:50,522 |-WARN in ch.qos.logback.classic.LoggerContext[default] - Resource [logback.xml] occurs at [jar:file:/C:/Users/mohammed.hamdy/.m2/repository/eg/com/vodafone/npc-webservice-wsdl/1.0.0-RELEASE/npc-webservice-wsdl-1.0.0-RELEASE.jar!/logback.xml]
20:48:50,522 |-WARN in ch.qos.logback.classic.LoggerContext[default] - Resource [logback.xml] occurs at [file:/C:/Users/mohammed.hamdy/Downloads/Vodafone%20MNP%20Deliverables/Src%20Code/npc-vodafone/vodafone-mnp-runner/target/classes/logback.xml]
20:48:50,522 |-WARN in ch.qos.logback.classic.LoggerContext[default] - Resource [logback.xml] occurs at [jar:file:/C:/Users/mohammed.hamdy/.m2/repository/eg/com/vodafone/ntra-npc-webservice-client/1.0.0-RELEASE/ntra-npc-webservice-client-1.0.0-RELEASE.jar!/logback.xml]
20:48:50,522 |-WARN in ch.qos.logback.classic.LoggerContext[default] - Resource [logback.xml] occurs at [jar:file:/C:/Users/mohammed.hamdy/.m2/repository/eg/com/vodafone/vodafone-mnp-core/1.0.0-SNAPSHOT/vodafone-mnp-core-1.0.0-SNAPSHOT.jar!/logback.xml]
20:48:50,575 |-INFO in ch.qos.logback.classic.joran.action.ConfigurationAction - debug attribute not set
20:48:50,576 |-INFO in ch.qos.logback.core.joran.action.AppenderAction - About to instantiate appender of type [ch.qos.logback.core.ConsoleAppender]
20:48:50,593 |-INFO in ch.qos.logback.core.joran.action.AppenderAction - Naming appender as [STDOUT]
20:48:50,599 |-INFO in ch.qos.logback.core.joran.action.NestedComplexPropertyIA - Assuming default type [ch.qos.logback.classic.encoder.PatternLayoutEncoder] for [encoder] property
20:48:50,639 |-INFO in ch.qos.logback.core.joran.action.AppenderAction - About to instantiate appender of type [ch.qos.logback.core.rolling.RollingFileAppender]
20:48:50,642 |-INFO in ch.qos.logback.core.joran.action.AppenderAction - Naming appender as [FILE-Error]
20:48:50,650 |-INFO in c.q.l.core.rolling.SizeAndTimeBasedRollingPolicy@979294118 - setting totalSizeCap to 20 GB
20:48:50,653 |-INFO in c.q.l.core.rolling.SizeAndTimeBasedRollingPolicy@979294118 - Archive files will be limited to [10 MB] each.
20:48:50,656 |-INFO in c.q.l.core.rolling.SizeAndTimeBasedRollingPolicy@979294118 - No compression will be used
20:48:50,657 |-INFO in c.q.l.core.rolling.SizeAndTimeBasedRollingPolicy@979294118 - Will use the pattern Logs/Archived/NPC_Process_Error.%d{dd-MM-yyyy}.%i.log for the active file
20:48:50,659 |-INFO in ch.qos.logback.core.rolling.SizeAndTimeBasedFNATP@6325a3ee - The date pattern is &apos;dd-MM-yyyy&apos; from file name pattern &apos;Logs/Archived/NPC_Process_Error.%d{dd-MM-yyyy}.%i.log&apos;.
20:48:50,659 |-INFO in ch.qos.logback.core.rolling.SizeAndTimeBasedFNATP@6325a3ee - Roll-over at midnight.
20:48:50,663 |-INFO in ch.qos.logback.core.rolling.SizeAndTimeBasedFNATP@6325a3ee - Setting initial period to Wed Jun 03 20:48:30 EET 2020
20:48:50,668 |-INFO in ch.qos.logback.core.joran.action.NestedComplexPropertyIA - Assuming default type [ch.qos.logback.classic.encoder.PatternLayoutEncoder] for [encoder] property
20:48:50,670 |-INFO in ch.qos.logback.core.rolling.RollingFileAppender[FILE-Error] - Active log file name: Logs/NPC_Process_Error.log
20:48:50,670 |-INFO in ch.qos.logback.core.rolling.RollingFileAppender[FILE-Error] - File property is set to [Logs/NPC_Process_Error.log]
20:48:50,672 |-INFO in ch.qos.logback.core.joran.action.AppenderAction - About to instantiate appender of type [ch.qos.logback.core.rolling.RollingFileAppender]
20:48:50,672 |-INFO in ch.qos.logback.core.joran.action.AppenderAction - Naming appender as [file_Debug]
20:48:50,673 |-INFO in c.q.l.core.rolling.SizeAndTimeBasedRollingPolicy@488044861 - setting totalSizeCap to 20 GB
20:48:50,673 |-INFO in c.q.l.core.rolling.SizeAndTimeBasedRollingPolicy@488044861 - Archive files will be limited to [10 MB] each.
20:48:50,673 |-INFO in c.q.l.core.rolling.SizeAndTimeBasedRollingPolicy@488044861 - No compression will be used
20:48:50,674 |-INFO in c.q.l.core.rolling.SizeAndTimeBasedRollingPolicy@488044861 - Will use the pattern Logs/Archived/NPC_Process_Debug.%d{dd-MM-yyyy}.%i.log for the active file
20:48:50,674 |-INFO in ch.qos.logback.core.rolling.SizeAndTimeBasedFNATP@67b92f0a - The date pattern is &apos;dd-MM-yyyy&apos; from file name pattern &apos;Logs/Archived/NPC_Process_Debug.%d{dd-MM-yyyy}.%i.log&apos;.
20:48:50,674 |-INFO in ch.qos.logback.core.rolling.SizeAndTimeBasedFNATP@67b92f0a - Roll-over at midnight.
20:48:50,675 |-INFO in ch.qos.logback.core.rolling.SizeAndTimeBasedFNATP@67b92f0a - Setting initial period to Wed Jun 03 20:48:31 EET 2020
20:48:50,677 |-INFO in ch.qos.logback.core.joran.action.NestedComplexPropertyIA - Assuming default type [ch.qos.logback.classic.encoder.PatternLayoutEncoder] for [encoder] property
20:48:50,678 |-INFO in ch.qos.logback.core.rolling.RollingFileAppender[file_Debug] - Active log file name: Logs/NPC_Process_Debug.log
20:48:50,678 |-INFO in ch.qos.logback.core.rolling.RollingFileAppender[file_Debug] - File property is set to [Logs/NPC_Process_Debug.log]
20:48:50,679 |-INFO in ch.qos.logback.core.joran.action.AppenderAction - About to instantiate appender of type [ch.qos.logback.core.rolling.RollingFileAppender]
20:48:50,679 |-INFO in ch.qos.logback.core.joran.action.AppenderAction - Naming appender as [File_Info]
20:48:50,680 |-INFO in c.q.l.core.rolling.SizeAndTimeBasedRollingPolicy@731260860 - setting totalSizeCap to 20 GB
20:48:50,680 |-INFO in c.q.l.core.rolling.SizeAndTimeBasedRollingPolicy@731260860 - Archive files will be limited to [10 MB] each.
20:48:50,680 |-INFO in c.q.l.core.rolling.SizeAndTimeBasedRollingPolicy@731260860 - No compression will be used
20:48:50,680 |-INFO in c.q.l.core.rolling.SizeAndTimeBasedRollingPolicy@731260860 - Will use the pattern Logs/Archived/NPC_Process_Info.%d{dd-MM-yyyy}.%i.log for the active file
20:48:50,681 |-INFO in ch.qos.logback.core.rolling.SizeAndTimeBasedFNATP@65e2dbf3 - The date pattern is &apos;dd-MM-yyyy&apos; from file name pattern &apos;Logs/Archived/NPC_Process_Info.%d{dd-MM-yyyy}.%i.log&apos;.
20:48:50,681 |-INFO in ch.qos.logback.core.rolling.SizeAndTimeBasedFNATP@65e2dbf3 - Roll-over at midnight.
20:48:50,681 |-INFO in ch.qos.logback.core.rolling.SizeAndTimeBasedFNATP@65e2dbf3 - Setting initial period to Wed Jun 03 20:48:30 EET 2020
20:48:50,683 |-INFO in ch.qos.logback.core.joran.action.NestedComplexPropertyIA - Assuming default type [ch.qos.logback.classic.encoder.PatternLayoutEncoder] for [encoder] property
20:48:50,683 |-INFO in ch.qos.logback.core.rolling.RollingFileAppender[File_Info] - Active log file name: Logs/NPC_Process_Info.log
20:48:50,683 |-INFO in ch.qos.logback.core.rolling.RollingFileAppender[File_Info] - File property is set to [Logs/NPC_Process_Info.log]
20:48:50,685 |-INFO in ch.qos.logback.classic.joran.action.LoggerAction - Setting level of logger [com.asset.vodafone.npc] to ALL
20:48:50,685 |-INFO in ch.qos.logback.classic.joran.action.LoggerAction - Setting additivity of logger [com.asset.vodafone.npc] to false
20:48:50,685 |-INFO in ch.qos.logback.core.joran.action.AppenderRefAction - Attaching appender named [FILE-Error] to Logger[com.asset.vodafone.npc]
20:48:50,686 |-INFO in ch.qos.logback.core.joran.action.AppenderRefAction - Attaching appender named [file_Debug] to Logger[com.asset.vodafone.npc]
20:48:50,686 |-INFO in ch.qos.logback.core.joran.action.AppenderRefAction - Attaching appender named [File_Info] to Logger[com.asset.vodafone.npc]
20:48:50,686 |-INFO in ch.qos.logback.core.joran.action.AppenderRefAction - Attaching appender named [STDOUT] to Logger[com.asset.vodafone.npc]
20:48:50,686 |-INFO in ch.qos.logback.classic.joran.action.RootLoggerAction - Setting level of ROOT logger to INFO
20:48:50,686 |-INFO in ch.qos.logback.core.joran.action.AppenderRefAction - Attaching appender named [file_Debug] to Logger[ROOT]
20:48:50,686 |-INFO in ch.qos.logback.core.joran.action.AppenderRefAction - Attaching appender named [FILE-Error] to Logger[ROOT]
20:48:50,686 |-INFO in ch.qos.logback.core.joran.action.AppenderRefAction - Attaching appender named [File_Info] to Logger[ROOT]
20:48:50,686 |-INFO in ch.qos.logback.core.joran.action.AppenderRefAction - Attaching appender named [STDOUT] to Logger[ROOT]
20:48:50,686 |-INFO in ch.qos.logback.classic.joran.action.ConfigurationAction - End of configuration.
20:48:50,687 |-INFO in ch.qos.logback.classic.joran.JoranConfigurator@4f970963 - Registering current configuration as safe fallback point

03-06-2020 20:48:50.695 DEBUG [main]  c.a.v.npc.core.service.NPCService.getDBConnection - Initializing Database Connection..
03-06-2020 20:48:58.523 INFO  [main]  o.s.c.a.AnnotationConfigApplicationContext.prepareRefresh - Refreshing org.springframework.context.annotation.AnnotationConfigApplicationContext@a9cd3b1: startup date [Wed Jun 03 20:48:58 EET 2020]; root of context hierarchy
03-06-2020 20:48:58.742 INFO  [main]  o.s.oxm.jaxb.Jaxb2Marshaller.createJaxbContextFromContextPath - Creating JAXBContext with context path [com.asset.vodafone.npc.webservice.wsdl]
03-06-2020 20:48:58.819 INFO  [main]  c.a.v.n.w.client.NPCWebserviceProxy.&lt;clinit&gt; - Verifying SSL certificate
03-06-2020 20:48:58.832 INFO  [main]  o.s.w.s.saaj.SaajSoapMessageFactory.afterPropertiesSet - Creating SAAJ 1.3 MessageFactory with SOAP 1.1 Protocol
03-06-2020 20:48:58.837 DEBUG [main]  c.a.v.n.w.c.NPCWebserviceProxyConfiguration.npcWebserviceInterfaceProxy - Start Marshalling Xml Message
03-06-2020 20:48:58.867 INFO  [main]  c.a.v.n.c.handler.NPCProcessHandler.sendMessage - Start Sending Request to NTRA for UserName : vodau1 
03-06-2020 20:48:58.868 INFO  [main]  c.a.v.n.c.handler.NPCProcessHandler.sendMessage - Calling NTRA Web Service  EndPoint : http://localhost:8080/NPC-SOAP/NPCWebService 
03-06-2020 20:48:58.869 DEBUG [main]  c.a.v.n.w.client.NPCWebserviceProxy.processNPCMsg - Start Connecting to NTRA Web Service 
03-06-2020 20:49:00.987 ERROR [main]  c.a.v.n.c.handler.NPCProcessHandler.sendMessage - Error In Sending npc Message
org.springframework.ws.client.WebServiceIOException: Error In Sending npc Message
	at com.asset.vodafone.npc.webservice.client.NPCWebserviceProxy.processNPCMsg(NPCWebserviceProxy.java:84)
	at com.asset.vodafone.npc.core.handler.NPCProcessHandler.sendMessage(NPCProcessHandler.java:166)
	at com.asset.vodafone.npc.core.handler.Test.TestNPCProcessHandler.testSendPendingMessage(TestNPCProcessHandler.java:101)
	at sun.reflect.NativeMethodAccessorImpl.invoke0(Native Method)
	at sun.reflect.NativeMethodAccessorImpl.invoke(NativeMethodAccessorImpl.java:62)
	at sun.reflect.DelegatingMethodAccessorImpl.invoke(DelegatingMethodAccessorImpl.java:43)
	at java.lang.reflect.Method.invoke(Method.java:497)
	at org.junit.runners.model.FrameworkMethod$1.runReflectiveCall(FrameworkMethod.java:50)
	at org.junit.internal.runners.model.ReflectiveCallable.run(ReflectiveCallable.java:12)
	at org.junit.runners.model.FrameworkMethod.invokeExplosively(FrameworkMethod.java:47)
	at org.junit.internal.runners.statements.InvokeMethod.evaluate(InvokeMethod.java:17)
	at org.junit.internal.runners.statements.RunBefores.evaluate(RunBefores.java:26)
	at org.junit.runners.ParentRunner.runLeaf(ParentRunner.java:325)
	at org.junit.runners.BlockJUnit4ClassRunner.runChild(BlockJUnit4ClassRunner.java:78)
	at org.junit.runners.BlockJUnit4ClassRunner.runChild(BlockJUnit4ClassRunner.java:57)
	at org.junit.runners.ParentRunner$3.run(ParentRunner.java:290)
	at org.junit.runners.ParentRunner$1.schedule(ParentRunner.java:71)
	at org.junit.runners.ParentRunner.runChildren(ParentRunner.java:288)
	at org.junit.runners.ParentRunner.access$000(ParentRunner.java:58)
	at org.junit.runners.ParentRunner$2.evaluate(ParentRunner.java:268)
	at org.junit.runners.ParentRunner.run(ParentRunner.java:363)
	at org.apache.maven.surefire.junit4.JUnit4Provider.execute(JUnit4Provider.java:252)
	at org.apache.maven.surefire.junit4.JUnit4Provider.executeTestSet(JUnit4Provider.java:141)
	at org.apache.maven.surefire.junit4.JUnit4Provider.invoke(JUnit4Provider.java:112)
	at sun.reflect.NativeMethodAccessorImpl.invoke0(Native Method)
	at sun.reflect.NativeMethodAccessorImpl.invoke(NativeMethodAccessorImpl.java:62)
	at sun.reflect.DelegatingMethodAccessorImpl.invoke(DelegatingMethodAccessorImpl.java:43)
	at java.lang.reflect.Method.invoke(Method.java:497)
	at org.apache.maven.surefire.util.ReflectionUtils.invokeMethodWithArray(ReflectionUtils.java:189)
	at org.apache.maven.surefire.booter.ProviderFactory$ProviderProxy.invoke(ProviderFactory.java:165)
	at org.apache.maven.surefire.booter.ProviderFactory.invokeProvider(ProviderFactory.java:85)
	at org.apache.maven.surefire.booter.ForkedBooter.runSuitesInProcess(ForkedBooter.java:115)
	at org.apache.maven.surefire.booter.ForkedBooter.main(ForkedBooter.java:75)
03-06-2020 20:49:00.988 INFO  [main]  o.s.c.a.AnnotationConfigApplicationContext.doClose - Closing org.springframework.context.annotation.AnnotationConfigApplicationContext@a9cd3b1: startup date [Wed Jun 03 20:48:58 EET 2020]; root of context hierarchy
</system-out>
  </testcase>
  <testcase classname="com.asset.vodafone.npc.core.handler.Test.TestNPCProcessHandler" name="testgetUnsentMessages" time="6.169"/>
  <testcase classname="com.asset.vodafone.npc.core.handler.Test.TestNPCProcessHandler" name="testEncryption" time="0.022">
    <failure message="Values should be different. Actual: 0" type="java.lang.AssertionError">java.lang.AssertionError: Values should be different. Actual: 0
	at org.junit.Assert.fail(Assert.java:88)
	at org.junit.Assert.failEquals(Assert.java:185)
	at org.junit.Assert.assertNotEquals(Assert.java:199)
	at org.junit.Assert.assertNotEquals(Assert.java:211)
	at com.asset.vodafone.npc.core.handler.Test.TestNPCProcessHandler.testEncryption(TestNPCProcessHandler.java:62)
	at sun.reflect.NativeMethodAccessorImpl.invoke0(Native Method)
	at sun.reflect.NativeMethodAccessorImpl.invoke(NativeMethodAccessorImpl.java:62)
	at sun.reflect.DelegatingMethodAccessorImpl.invoke(DelegatingMethodAccessorImpl.java:43)
	at java.lang.reflect.Method.invoke(Method.java:497)
	at org.junit.runners.model.FrameworkMethod$1.runReflectiveCall(FrameworkMethod.java:50)
	at org.junit.internal.runners.model.ReflectiveCallable.run(ReflectiveCallable.java:12)
	at org.junit.runners.model.FrameworkMethod.invokeExplosively(FrameworkMethod.java:47)
	at org.junit.internal.runners.statements.InvokeMethod.evaluate(InvokeMethod.java:17)
	at org.junit.internal.runners.statements.RunBefores.evaluate(RunBefores.java:26)
	at org.junit.runners.ParentRunner.runLeaf(ParentRunner.java:325)
	at org.junit.runners.BlockJUnit4ClassRunner.runChild(BlockJUnit4ClassRunner.java:78)
	at org.junit.runners.BlockJUnit4ClassRunner.runChild(BlockJUnit4ClassRunner.java:57)
	at org.junit.runners.ParentRunner$3.run(ParentRunner.java:290)
	at org.junit.runners.ParentRunner$1.schedule(ParentRunner.java:71)
	at org.junit.runners.ParentRunner.runChildren(ParentRunner.java:288)
	at org.junit.runners.ParentRunner.access$000(ParentRunner.java:58)
	at org.junit.runners.ParentRunner$2.evaluate(ParentRunner.java:268)
	at org.junit.runners.ParentRunner.run(ParentRunner.java:363)
	at org.apache.maven.surefire.junit4.JUnit4Provider.execute(JUnit4Provider.java:252)
	at org.apache.maven.surefire.junit4.JUnit4Provider.executeTestSet(JUnit4Provider.java:141)
	at org.apache.maven.surefire.junit4.JUnit4Provider.invoke(JUnit4Provider.java:112)
	at sun.reflect.NativeMethodAccessorImpl.invoke0(Native Method)
	at sun.reflect.NativeMethodAccessorImpl.invoke(NativeMethodAccessorImpl.java:62)
	at sun.reflect.DelegatingMethodAccessorImpl.invoke(DelegatingMethodAccessorImpl.java:43)
	at java.lang.reflect.Method.invoke(Method.java:497)
	at org.apache.maven.surefire.util.ReflectionUtils.invokeMethodWithArray(ReflectionUtils.java:189)
	at org.apache.maven.surefire.booter.ProviderFactory$ProviderProxy.invoke(ProviderFactory.java:165)
	at org.apache.maven.surefire.booter.ProviderFactory.invokeProvider(ProviderFactory.java:85)
	at org.apache.maven.surefire.booter.ForkedBooter.runSuitesInProcess(ForkedBooter.java:115)
	at org.apache.maven.surefire.booter.ForkedBooter.main(ForkedBooter.java:75)
</failure>
    <system-out>03-06-2020 20:49:07.184 DEBUG [main]  c.a.v.n.c.handler.NPCProcessHandler.encryptMode - voda
</system-out>
  </testcase>
</testsuite>